<?xml version="1.0" encoding="UTF-8"?>
<testng-results ignored="0" total="1" passed="1" failed="0" skipped="0">
  <reporter-output>
  </reporter-output>
  <suite started-at="2024-09-17T22:51:17 IST" name="Default suite" finished-at="2024-09-17T22:51:23 IST" duration-ms="6390">
    <groups>
    </groups>
    <test started-at="2024-09-17T22:51:17 IST" name="Default test" finished-at="2024-09-17T22:51:23 IST" duration-ms="6390">
      <class name="DeserializationProcess.ContactsAPITests">
        <test-method signature="createContactsTest()[pri:0, instance:DeserializationProcess.ContactsAPITests@2accdbb5]" started-at="2024-09-17T22:51:17 IST" name="createContactsTest" finished-at="2024-09-17T22:51:23 IST" duration-ms="6330" status="PASS">
          <reporter-output>
          </reporter-output>
        </test-method> <!-- createContactsTest -->
      </class> <!-- DeserializationProcess.ContactsAPITests -->
    </test> <!-- Default test -->
  </suite> <!-- Default suite -->
</testng-results>
