<?xml version="1.0" encoding="UTF-8"?>
<!-- Generated by org.testng.reporters.JUnitXMLReporter -->
<testsuite ignored="2" hostname="DESKTOP-992EA2B" failures="0" tests="1" name="Default test" time="3.422" errors="0" timestamp="2024-09-14T22:40:03 IST">
  <testcase classname="LambokWithJsonArray.CreateUserWithJsonArrayLombokPOJO" name="createAnimalUserWithJsonArray_LombokBuilder" time="3.348"/>
  <testcase classname="LambokWithJsonArray.CreateUserWithJsonArrayLombokPOJO" name="createUserWithJsonArray_LombokBuilder" time="0.0">
    <ignored/>
  </testcase> <!-- createUserWithJsonArray_LombokBuilder -->
  <testcase classname="LambokWithJsonArray.CreateUserWithJsonArrayLombokPOJO" name="createUsesWithJsonArrayLombokPOJO" time="0.0">
    <ignored/>
  </testcase> <!-- createUsesWithJsonArrayLombokPOJO -->
</testsuite> <!-- Default test -->
