<?xml version="1.0" encoding="UTF-8"?>
<!-- Generated by org.testng.reporters.JUnitXMLReporter -->
<testsuite ignored="5" hostname="DESKTOP-992EA2B" failures="0" tests="1" name="Default test" time="5.127" errors="0" timestamp="2024-09-14T23:51:05 IST">
  <testcase classname="PostWithMultipleOptions.PostAPIWithDifferetData" name="bodyWithPDFTest" time="5.06"/>
  <testcase classname="PostWithMultipleOptions.PostAPIWithDifferetData" name="bodyWithHTMLTest" time="0.0">
    <ignored/>
  </testcase> <!-- bodyWithHTMLTest -->
  <testcase classname="PostWithMultipleOptions.PostAPIWithDifferetData" name="bodyWithMultiPartTest" time="0.0">
    <ignored/>
  </testcase> <!-- bodyWithMultiPartTest -->
  <testcase classname="PostWithMultipleOptions.PostAPIWithDifferetData" name="bodyWithJavaScriptTest" time="0.0">
    <ignored/>
  </testcase> <!-- bodyWithJavaScriptTest -->
  <testcase classname="PostWithMultipleOptions.PostAPIWithDifferetData" name="bodyWithTextTest" time="0.0">
    <ignored/>
  </testcase> <!-- bodyWithTextTest -->
  <testcase classname="PostWithMultipleOptions.PostAPIWithDifferetData" name="bodyWithXMLTest" time="0.0">
    <ignored/>
  </testcase> <!-- bodyWithXMLTest -->
</testsuite> <!-- Default test -->
